<?xml version="1.0" encoding="UTF-8"?>
<!-- Generated by org.testng.reporters.JUnitReportReporter -->
<testsuite skipped="0" hostname="Hala-samir" name="tests.FormPageTest" tests="1" failures="0" timestamp="2021-09-26T21:03:59 EET" time="3.048" errors="0">
  <testcase name="fillFormSucessfully" time="3.048" classname="tests.FormPageTest"/>
  <system-out/>
</testsuite> <!-- tests.FormPageTest -->
