<?xml version="1.0" encoding="UTF-8"?>
<!-- Generated by org.testng.reporters.JUnitReportReporter -->
<testsuite skipped="0" hostname="Hala-samir" name="tests.FillFormParallelTest" tests="2" failures="0" timestamp="2021-09-27T10:30:47 EET" time="4.904" errors="0">
  <testcase name="fillFormSucessfully" time="2.832" classname="tests.FillFormParallelTest"/>
  <system-out/>
  <testcase name="fillFormSucessfully" time="2.072" classname="tests.FillFormParallelTest"/>
  <system-out/>
</testsuite> <!-- tests.FillFormParallelTest -->
