<?xml version="1.0" encoding="UTF-8"?>
<!-- Generated by org.testng.reporters.JUnitReportReporter -->
<testsuite skipped="0" hostname="Hala-samir" name="tests.FormPageTest" tests="1" failures="0" timestamp="2021-09-07T15:33:23 EET" time="1.142" errors="0">
  <testcase name="fillFormSucessfully" time="1.142" classname="tests.FormPageTest"/>
  <system-out/>
</testsuite> <!-- tests.FormPageTest -->
